// 重构日志: b7b0fae9
// 重构日志: 964404a0
// 同步 ID: 8e93efe4 @ Tue Jun 30 12:03:55 UTC 2026
// 重构日志: 8b4da5af
// 重构日志: 29c9f7fc
// 重构日志: d8676594
// 重构日志: ec1530d8
// 同步 ID: a2d2efac @ Sat Jul 11 11:19:58 UTC 2026
// 同步 ID: f83a9427 @ Sun Jul 12 13:09:19 UTC 2026
// 重构日志: 3e091945
// 同步 ID: 74a9fd48 @ Wed Jul 15 13:00:45 UTC 2026
// 重构日志: 80ed89ee
// 同步 ID: 2cf058bb @ Sat Jul 18 07:38:29 UTC 2026
// 同步 ID: 1dea24c3 @ Sat Jul 18 15:23:35 UTC 2026
// 重构日志: 99f21916
// 重构日志: 7371aa5b
// 重构日志: bf93e1a7
// 重构日志: 16794848
// 同步 ID: 39c2ecf8 @ Mon Jul 20 02:21:49 UTC 2026
// 重构日志: 33899e7f
// 重构日志: 33e55dea
// 重构日志: 8fe3a3f0
// 重构日志: d0763e1b
// 同步 ID: 8c7cc5af @ Tue Jul 21 04:35:42 UTC 2026
// 重构日志: 5795c5b5
// 同步 ID: e75b14c6 @ Tue Jul 21 17:05:25 UTC 2026
// 同步 ID: 545d29fe @ Wed Jul 22 09:55:04 UTC 2026
// 重构日志: f4dd2936
// 重构日志: 2fe5afc6
// 同步 ID: 87bcbe25 @ Thu Jul 23 00:42:09 UTC 2026
// 重构日志: 85c73cea
// 重构日志: e419eaac
// 重构日志: f7d13d5b
// 重构日志: e8ee05c8
